<?xml version="1.0" encoding="UTF-8"?>
<!-- Generated by org.testng.reporters.JUnitReportReporter -->
<testsuite skipped="0" hostname="LAPTOP-CJ41LFN6" name="com.POM_Project_Main.Scripts.LoginTest" tests="2" failures="0" timestamp="20 Sep 2022 05:28:30 GMT" time="5.113" errors="0">
  <testcase name="verifysigninInvalidEmailInvalidPassword" time="1.639" classname="com.POM_Project_Main.Scripts.LoginTest"/>
  <testcase name="verifysigninValidEmailValidPassword" time="3.474" classname="com.POM_Project_Main.Scripts.LoginTest"/>
</testsuite> <!-- com.POM_Project_Main.Scripts.LoginTest -->
