<?xml version="1.0" encoding="UTF-8"?>
<!-- Generated by org.testng.reporters.JUnitReportReporter -->
<testsuite skipped="0" hostname="LAPTOP-CJ41LFN6" name="com.POM_Project_Main.Scripts.HomeTest" tests="1" failures="0" timestamp="20 Sep 2022 05:28:30 GMT" time="5.353" errors="0">
  <testcase name="addClient" time="5.353" classname="com.POM_Project_Main.Scripts.HomeTest"/>
</testsuite> <!-- com.POM_Project_Main.Scripts.HomeTest -->
